<?xml version="1.0" encoding="UTF-8"?>
<robot generator="Robot 7.2 (Python 3.11.9 on win32)" generated="2025-02-08T11:45:29.862627" rpa="false" schemaversion="5">
<suite id="s1" name="Test Loops" source="C:\Users\Admin\.git\practice_robot\tests\test_loops.robot">
<test id="s1-t1" name="Login Test" line="12">
<kw name="Create List" owner="BuiltIn">
<msg time="2025-02-08T11:45:30.364697" level="INFO">@{users} = [ admin | user1 | user2 ]</msg>
<var>@{users}</var>
<arg>admin</arg>
<arg>user1</arg>
<arg>user2</arg>
<doc>Returns a list containing given items.</doc>
<status status="PASS" start="2025-02-08T11:45:30.363170" elapsed="0.001527"/>
</kw>
<for flavor="IN">
<iter>
<kw name="Log" owner="BuiltIn">
<msg time="2025-02-08T11:45:30.364697" level="INFO">User: admin</msg>
<arg>User: ${user}</arg>
<doc>Logs the given message with the given level.</doc>
<status status="PASS" start="2025-02-08T11:45:30.364697" elapsed="0.000000"/>
</kw>
<kw name="Log To Console" owner="BuiltIn">
<arg>message=User: ${user}</arg>
<doc>Logs the given message to the console.</doc>
<status status="PASS" start="2025-02-08T11:45:30.365733" elapsed="0.000000"/>
</kw>
<var name="${user}">admin</var>
<status status="PASS" start="2025-02-08T11:45:30.364697" elapsed="0.001036"/>
</iter>
<iter>
<kw name="Log" owner="BuiltIn">
<msg time="2025-02-08T11:45:30.366708" level="INFO">User: user1</msg>
<arg>User: ${user}</arg>
<doc>Logs the given message with the given level.</doc>
<status status="PASS" start="2025-02-08T11:45:30.366708" elapsed="0.000000"/>
</kw>
<kw name="Log To Console" owner="BuiltIn">
<arg>message=User: ${user}</arg>
<doc>Logs the given message to the console.</doc>
<status status="PASS" start="2025-02-08T11:45:30.366708" elapsed="0.000996"/>
</kw>
<var name="${user}">user1</var>
<status status="PASS" start="2025-02-08T11:45:30.365733" elapsed="0.001971"/>
</iter>
<iter>
<kw name="Log" owner="BuiltIn">
<msg time="2025-02-08T11:45:30.368706" level="INFO">User: user2</msg>
<arg>User: ${user}</arg>
<doc>Logs the given message with the given level.</doc>
<status status="PASS" start="2025-02-08T11:45:30.367704" elapsed="0.001002"/>
</kw>
<kw name="Log To Console" owner="BuiltIn">
<arg>message=User: ${user}</arg>
<doc>Logs the given message to the console.</doc>
<status status="PASS" start="2025-02-08T11:45:30.368706" elapsed="0.001003"/>
</kw>
<var name="${user}">user2</var>
<status status="PASS" start="2025-02-08T11:45:30.367704" elapsed="0.002005"/>
</iter>
<var>${user}</var>
<value>@{users}</value>
<status status="PASS" start="2025-02-08T11:45:30.364697" elapsed="0.005012"/>
</for>
<status status="PASS" start="2025-02-08T11:45:30.363170" elapsed="0.006539"/>
</test>
<status status="PASS" start="2025-02-08T11:45:29.865139" elapsed="0.505569"/>
</suite>
<statistics>
<total>
<stat pass="1" fail="0" skip="0">All Tests</stat>
</total>
<tag>
</tag>
<suite>
<stat name="Test Loops" id="s1" pass="1" fail="0" skip="0">Test Loops</stat>
</suite>
</statistics>
<errors>
</errors>
</robot>
