<?xml version="1.0" encoding="UTF-8"?>
<robot generator="Robot 7.2 (Python 3.11.9 on win32)" generated="2025-02-08T12:02:46.358857" rpa="false" schemaversion="5">
<suite id="s1" name="Test Loops" source="C:\Users\Admin\.git\practice_robot\tests\test_loops.robot">
<test id="s1-t1" name="Login Test" line="12">
<kw name="Create List" owner="BuiltIn">
<msg time="2025-02-08T12:02:46.759653" level="INFO">@{users} = [ admin | user1 | user2 ]</msg>
<var>@{users}</var>
<arg>admin</arg>
<arg>user1</arg>
<arg>user2</arg>
<doc>Returns a list containing given items.</doc>
<status status="PASS" start="2025-02-08T12:02:46.759653" elapsed="0.000971"/>
</kw>
<for flavor="IN">
<iter>
<kw name="Log" owner="BuiltIn">
<msg time="2025-02-08T12:02:46.760624" level="INFO">User: admin</msg>
<arg>User: ${user}</arg>
<doc>Logs the given message with the given level.</doc>
<status status="PASS" start="2025-02-08T12:02:46.760624" elapsed="0.000000"/>
</kw>
<kw name="Log To Console" owner="BuiltIn">
<arg>message=User: ${user}</arg>
<doc>Logs the given message to the console.</doc>
<status status="PASS" start="2025-02-08T12:02:46.761648" elapsed="0.000000"/>
</kw>
<kw name="Log" owner="BuiltIn">
<msg time="2025-02-08T12:02:46.762624" level="INFO">user_name: admin[user_name]</msg>
<arg>message=user_name: ${user}\[user_name]</arg>
<doc>Logs the given message with the given level.</doc>
<status status="PASS" start="2025-02-08T12:02:46.761648" elapsed="0.000976"/>
</kw>
<kw name="Log" owner="BuiltIn">
<msg time="2025-02-08T12:02:46.762624" level="INFO">password: admin[password]</msg>
<arg>message=password: ${user}\[password]</arg>
<doc>Logs the given message with the given level.</doc>
<status status="PASS" start="2025-02-08T12:02:46.762624" elapsed="0.000000"/>
</kw>
<var name="${user}">admin</var>
<status status="PASS" start="2025-02-08T12:02:46.760624" elapsed="0.002000"/>
</iter>
<iter>
<kw name="Log" owner="BuiltIn">
<msg time="2025-02-08T12:02:46.763960" level="INFO">User: user1</msg>
<arg>User: ${user}</arg>
<doc>Logs the given message with the given level.</doc>
<status status="PASS" start="2025-02-08T12:02:46.762624" elapsed="0.001336"/>
</kw>
<kw name="Log To Console" owner="BuiltIn">
<arg>message=User: ${user}</arg>
<doc>Logs the given message to the console.</doc>
<status status="PASS" start="2025-02-08T12:02:46.763960" elapsed="0.000000"/>
</kw>
<kw name="Log" owner="BuiltIn">
<msg time="2025-02-08T12:02:46.765467" level="INFO">user_name: user1[user_name]</msg>
<arg>message=user_name: ${user}\[user_name]</arg>
<doc>Logs the given message with the given level.</doc>
<status status="PASS" start="2025-02-08T12:02:46.763960" elapsed="0.001507"/>
</kw>
<kw name="Log" owner="BuiltIn">
<msg time="2025-02-08T12:02:46.765467" level="INFO">password: user1[password]</msg>
<arg>message=password: ${user}\[password]</arg>
<doc>Logs the given message with the given level.</doc>
<status status="PASS" start="2025-02-08T12:02:46.765467" elapsed="0.001012"/>
</kw>
<var name="${user}">user1</var>
<status status="PASS" start="2025-02-08T12:02:46.762624" elapsed="0.003855"/>
</iter>
<iter>
<kw name="Log" owner="BuiltIn">
<msg time="2025-02-08T12:02:46.766479" level="INFO">User: user2</msg>
<arg>User: ${user}</arg>
<doc>Logs the given message with the given level.</doc>
<status status="PASS" start="2025-02-08T12:02:46.766479" elapsed="0.000000"/>
</kw>
<kw name="Log To Console" owner="BuiltIn">
<arg>message=User: ${user}</arg>
<doc>Logs the given message to the console.</doc>
<status status="PASS" start="2025-02-08T12:02:46.767482" elapsed="0.000000"/>
</kw>
<kw name="Log" owner="BuiltIn">
<msg time="2025-02-08T12:02:46.768482" level="INFO">user_name: user2[user_name]</msg>
<arg>message=user_name: ${user}\[user_name]</arg>
<doc>Logs the given message with the given level.</doc>
<status status="PASS" start="2025-02-08T12:02:46.767482" elapsed="0.001000"/>
</kw>
<kw name="Log" owner="BuiltIn">
<msg time="2025-02-08T12:02:46.768482" level="INFO">password: user2[password]</msg>
<arg>message=password: ${user}\[password]</arg>
<doc>Logs the given message with the given level.</doc>
<status status="PASS" start="2025-02-08T12:02:46.768482" elapsed="0.000000"/>
</kw>
<var name="${user}">user2</var>
<status status="PASS" start="2025-02-08T12:02:46.766479" elapsed="0.002003"/>
</iter>
<var>${user}</var>
<value>@{users}</value>
<status status="PASS" start="2025-02-08T12:02:46.760624" elapsed="0.007858"/>
</for>
<status status="PASS" start="2025-02-08T12:02:46.758626" elapsed="0.010855"/>
</test>
<status status="PASS" start="2025-02-08T12:02:46.361860" elapsed="0.408616"/>
</suite>
<statistics>
<total>
<stat pass="1" fail="0" skip="0">All Tests</stat>
</total>
<tag>
</tag>
<suite>
<stat name="Test Loops" id="s1" pass="1" fail="0" skip="0">Test Loops</stat>
</suite>
</statistics>
<errors>
</errors>
</robot>
